<?xml version="1.0" encoding="UTF-8"?>
<!-- Generated by org.testng.reporters.JUnitXMLReporter -->
<testsuite ignored="0" hostname="INBook_X1" failures="1" tests="2" name="FolderTests" time="33.936" errors="0" timestamp="2022-10-17T22:38:06 IST">
  <testcase classname="MainTests.Folder_Test" name="folderTest" time="29.344"/>
  <testcase classname="MainTests.Folder_Test" name="folderTestUi" time="0.068">
    <failure type="java.lang.AssertionError" message="add to favrourites button is not disabled">
      <![CDATA[java.lang.AssertionError: add to favrourites button is not disabled
at MainTests.Folder_Test.folderTestUi(Folder_Test.java:92)
at java.base/java.util.ArrayList.forEach(ArrayList.java:1511)
... Removed 28 stack frames]]>
    </failure>
  </testcase> <!-- folderTestUi -->
</testsuite> <!-- FolderTests -->
